{"C:\\Users\\Marcos\\Desktop\\node\\leifer\\src\\app.ts": {"path":"C:\\Users\\Marcos\\Desktop\\node\\leifer\\src\\app.ts","statementMap":{"0":{"start":{"line":1,"column":0},"end":{"line":1,"column":24}},"1":{"start":{"line":2,"column":0},"end":{"line":2,"column":30}},"2":{"start":{"line":3,"column":0},"end":{"line":3,"column":43}},"3":{"start":{"line":4,"column":0},"end":{"line":4,"column":46}},"4":{"start":{"line":5,"column":0},"end":{"line":5,"column":51}},"5":{"start":{"line":6,"column":0},"end":{"line":6,"column":35}},"6":{"start":{"line":7,"column":0},"end":{"line":7,"column":47}},"7":{"start":{"line":8,"column":0},"end":{"line":8,"column":30}},"8":{"start":{"line":10,"column":13},"end":{"line":10,"column":29}},"9":{"start":{"line":12,"column":0},"end":{"line":12,"column":16}},"10":{"start":{"line":13,"column":0},"end":{"line":13,"column":24}},"11":{"start":{"line":14,"column":0},"end":{"line":14,"column":39}},"12":{"start":{"line":15,"column":0},"end":{"line":15,"column":48}},"13":{"start":{"line":16,"column":0},"end":{"line":16,"column":75}},"14":{"start":{"line":18,"column":0},"end":{"line":18,"column":59}},"15":{"start":{"line":20,"column":13},"end":{"line":20,"column":21}},"16":{"start":{"line":21,"column":0},"end":{"line":21,"column":24}},"17":{"start":{"line":23,"column":0},"end":{"line":27,"column":null}},"18":{"start":{"line":24,"column":2},"end":{"line":26,"column":5}},"19":{"start":{"line":25,"column":4},"end":{"line":25,"column":39}}},"fnMap":{"0":{"name":"(anonymous_1)","decl":{"start":{"line":24,"column":19},"end":{"line":24,"column":22}},"loc":{"start":{"line":24,"column":24},"end":{"line":26,"column":3}}}},"branchMap":{"0":{"loc":{"start":{"line":18,"column":0},"end":{"line":18,"column":58}},"type":"cond-expr","locations":[{"start":{"line":18,"column":28},"end":{"line":18,"column":44}},{"start":{"line":18,"column":47},"end":{"line":18,"column":58}}]},"1":{"loc":{"start":{"line":23,"column":0},"end":{"line":27,"column":null}},"type":"if","locations":[{"start":{"line":23,"column":0},"end":{"line":27,"column":null}}]}},"s":{"0":3,"1":3,"2":3,"3":3,"4":3,"5":3,"6":3,"7":3,"8":3,"9":3,"10":3,"11":3,"12":3,"13":3,"14":3,"15":3,"16":3,"17":3,"18":0,"19":0},"f":{"0":0},"b":{"0":[0,3],"1":[0]}}
,"C:\\Users\\Marcos\\Desktop\\node\\leifer\\src\\config\\env.ts": {"path":"C:\\Users\\Marcos\\Desktop\\node\\leifer\\src\\config\\env.ts","statementMap":{"0":{"start":{"line":1,"column":0},"end":{"line":1,"column":28}},"1":{"start":{"line":3,"column":0},"end":{"line":3,"column":16}},"2":{"start":{"line":5,"column":13},"end":{"line":24,"column":2}}},"fnMap":{},"branchMap":{"0":{"loc":{"start":{"line":8,"column":13},"end":{"line":8,"column":47}},"type":"binary-expr","locations":[{"start":{"line":8,"column":13},"end":{"line":8,"column":37}},{"start":{"line":8,"column":41},"end":{"line":8,"column":47}}]},"1":{"loc":{"start":{"line":16,"column":8},"end":{"line":16,"column":32}},"type":"binary-expr","locations":[{"start":{"line":16,"column":8},"end":{"line":16,"column":24}},{"start":{"line":16,"column":28},"end":{"line":16,"column":32}}]},"2":{"loc":{"start":{"line":23,"column":12},"end":{"line":23,"column":49}},"type":"binary-expr","locations":[{"start":{"line":23,"column":12},"end":{"line":23,"column":32}},{"start":{"line":23,"column":36},"end":{"line":23,"column":49}}]}},"s":{"0":3,"1":3,"2":3},"f":{},"b":{"0":[3,0],"1":[3,0],"2":[3,0]}}
,"C:\\Users\\Marcos\\Desktop\\node\\leifer\\src\\config\\db\\mongo.ts": {"path":"C:\\Users\\Marcos\\Desktop\\node\\leifer\\src\\config\\db\\mongo.ts","statementMap":{"0":{"start":{"line":1,"column":0},"end":{"line":1,"column":32}},"1":{"start":{"line":2,"column":0},"end":{"line":2,"column":29}},"2":{"start":{"line":4,"column":25},"end":{"line":13,"column":2}},"3":{"start":{"line":4,"column":36},"end":{"line":13,"column":2}},"4":{"start":{"line":5,"column":2},"end":{"line":12,"column":null}},"5":{"start":{"line":6,"column":19},"end":{"line":6,"column":73}},"6":{"start":{"line":7,"column":4},"end":{"line":7,"column":36}},"7":{"start":{"line":8,"column":4},"end":{"line":8,"column":51}},"8":{"start":{"line":10,"column":4},"end":{"line":10,"column":23}},"9":{"start":{"line":11,"column":4},"end":{"line":11,"column":45}},"10":{"start":{"line":4,"column":13},"end":{"line":4,"column":25}}},"fnMap":{"0":{"name":"(anonymous_8)","decl":{"start":{"line":4,"column":25},"end":{"line":4,"column":34}},"loc":{"start":{"line":4,"column":36},"end":{"line":13,"column":2}}},"1":{"name":"(anonymous_9)","decl":{"start":{"line":4,"column":36},"end":{"line":4,"column":null}},"loc":{"start":{"line":4,"column":36},"end":{"line":13,"column":1}}}},"branchMap":{"0":{"loc":{"start":{"line":6,"column":19},"end":{"line":6,"column":73}},"type":"cond-expr","locations":[{"start":{"line":6,"column":45},"end":{"line":6,"column":56}},{"start":{"line":6,"column":59},"end":{"line":6,"column":73}}]}},"s":{"0":3,"1":3,"2":3,"3":3,"4":3,"5":3,"6":3,"7":3,"8":0,"9":0,"10":3},"f":{"0":3,"1":3},"b":{"0":[3,0]}}
,"C:\\Users\\Marcos\\Desktop\\node\\leifer\\src\\config\\db\\mysql.ts": {"path":"C:\\Users\\Marcos\\Desktop\\node\\leifer\\src\\config\\db\\mysql.ts","statementMap":{"0":{"start":{"line":1,"column":0},"end":{"line":1,"column":38}},"1":{"start":{"line":2,"column":0},"end":{"line":2,"column":29}},"2":{"start":{"line":4,"column":13},"end":{"line":7,"column":3}},"3":{"start":{"line":9,"column":30},"end":{"line":16,"column":2}},"4":{"start":{"line":9,"column":41},"end":{"line":16,"column":2}},"5":{"start":{"line":10,"column":2},"end":{"line":15,"column":null}},"6":{"start":{"line":11,"column":4},"end":{"line":11,"column":35}},"7":{"start":{"line":12,"column":4},"end":{"line":12,"column":48}},"8":{"start":{"line":14,"column":4},"end":{"line":14,"column":42}},"9":{"start":{"line":9,"column":13},"end":{"line":9,"column":30}}},"fnMap":{"0":{"name":"(anonymous_7)","decl":{"start":{"line":9,"column":30},"end":{"line":9,"column":39}},"loc":{"start":{"line":9,"column":41},"end":{"line":16,"column":2}}},"1":{"name":"(anonymous_8)","decl":{"start":{"line":9,"column":41},"end":{"line":9,"column":null}},"loc":{"start":{"line":9,"column":41},"end":{"line":16,"column":1}}}},"branchMap":{},"s":{"0":3,"1":3,"2":3,"3":3,"4":0,"5":0,"6":0,"7":0,"8":0,"9":3},"f":{"0":0,"1":0},"b":{}}
,"C:\\Users\\Marcos\\Desktop\\node\\leifer\\src\\controllers\\auth.controller.ts": {"path":"C:\\Users\\Marcos\\Desktop\\node\\leifer\\src\\controllers\\auth.controller.ts","statementMap":{"0":{"start":{"line":2,"column":0},"end":{"line":2,"column":48}},"1":{"start":{"line":3,"column":0},"end":{"line":3,"column":33}},"2":{"start":{"line":4,"column":0},"end":{"line":4,"column":59}},"3":{"start":{"line":5,"column":0},"end":{"line":5,"column":47}},"4":{"start":{"line":6,"column":0},"end":{"line":6,"column":66}},"5":{"start":{"line":8,"column":24},"end":{"line":26,"column":2}},"6":{"start":{"line":8,"column":62},"end":{"line":26,"column":2}},"7":{"start":{"line":9,"column":2},"end":{"line":25,"column":null}},"8":{"start":{"line":10,"column":24},"end":{"line":10,"column":40}},"9":{"start":{"line":11,"column":25},"end":{"line":11,"column":60}},"10":{"start":{"line":12,"column":14},"end":{"line":12,"column":59}},"11":{"start":{"line":14,"column":21},"end":{"line":14,"column":44}},"12":{"start":{"line":15,"column":4},"end":{"line":15,"column":59}},"13":{"start":{"line":17,"column":17},"end":{"line":20,"column":6}},"14":{"start":{"line":22,"column":4},"end":{"line":22,"column":35}},"15":{"start":{"line":24,"column":4},"end":{"line":24,"column":48}},"16":{"start":{"line":8,"column":13},"end":{"line":8,"column":24}},"17":{"start":{"line":28,"column":21},"end":{"line":56,"column":2}},"18":{"start":{"line":28,"column":59},"end":{"line":56,"column":2}},"19":{"start":{"line":29,"column":2},"end":{"line":55,"column":null}},"20":{"start":{"line":30,"column":17},"end":{"line":30,"column":33}},"21":{"start":{"line":31,"column":17},"end":{"line":31,"column":93}},"22":{"start":{"line":32,"column":4},"end":{"line":35,"column":null}},"23":{"start":{"line":33,"column":6},"end":{"line":33,"column":50}},"24":{"start":{"line":34,"column":6},"end":{"line":34,"column":13}},"25":{"start":{"line":37,"column":25},"end":{"line":37,"column":38}},"26":{"start":{"line":39,"column":18},"end":{"line":39,"column":68}},"27":{"start":{"line":41,"column":4},"end":{"line":44,"column":null}},"28":{"start":{"line":42,"column":6},"end":{"line":42,"column":52}},"29":{"start":{"line":43,"column":6},"end":{"line":43,"column":13}},"30":{"start":{"line":46,"column":4},"end":{"line":46,"column":55}},"31":{"start":{"line":47,"column":17},"end":{"line":50,"column":6}},"32":{"start":{"line":52,"column":4},"end":{"line":52,"column":23}},"33":{"start":{"line":54,"column":4},"end":{"line":54,"column":45}},"34":{"start":{"line":28,"column":13},"end":{"line":28,"column":21}}},"fnMap":{"0":{"name":"(anonymous_7)","decl":{"start":{"line":8,"column":24},"end":{"line":8,"column":31}},"loc":{"start":{"line":8,"column":62},"end":{"line":26,"column":2}}},"1":{"name":"(anonymous_8)","decl":{"start":{"line":8,"column":62},"end":{"line":8,"column":null}},"loc":{"start":{"line":8,"column":62},"end":{"line":26,"column":1}}},"2":{"name":"(anonymous_9)","decl":{"start":{"line":28,"column":21},"end":{"line":28,"column":28}},"loc":{"start":{"line":28,"column":59},"end":{"line":56,"column":2}}},"3":{"name":"(anonymous_10)","decl":{"start":{"line":28,"column":59},"end":{"line":28,"column":null}},"loc":{"start":{"line":28,"column":59},"end":{"line":56,"column":1}}}},"branchMap":{"0":{"loc":{"start":{"line":32,"column":4},"end":{"line":35,"column":null}},"type":"if","locations":[{"start":{"line":32,"column":4},"end":{"line":35,"column":null}}]},"1":{"loc":{"start":{"line":41,"column":4},"end":{"line":44,"column":null}},"type":"if","locations":[{"start":{"line":41,"column":4},"end":{"line":44,"column":null}}]}},"s":{"0":3,"1":3,"2":3,"3":3,"4":3,"5":3,"6":1,"7":1,"8":1,"9":1,"10":1,"11":1,"12":1,"13":1,"14":1,"15":0,"16":3,"17":3,"18":3,"19":3,"20":3,"21":3,"22":3,"23":1,"24":1,"25":2,"26":2,"27":2,"28":1,"29":1,"30":1,"31":1,"32":1,"33":0,"34":3},"f":{"0":1,"1":1,"2":3,"3":3},"b":{"0":[1],"1":[1]}}
,"C:\\Users\\Marcos\\Desktop\\node\\leifer\\src\\controllers\\storage.controller.ts": {"path":"C:\\Users\\Marcos\\Desktop\\node\\leifer\\src\\controllers\\storage.controller.ts","statementMap":{"0":{"start":{"line":2,"column":0},"end":{"line":2,"column":48}},"1":{"start":{"line":3,"column":0},"end":{"line":3,"column":20}},"2":{"start":{"line":4,"column":0},"end":{"line":4,"column":36}},"3":{"start":{"line":5,"column":0},"end":{"line":5,"column":36}},"4":{"start":{"line":6,"column":0},"end":{"line":6,"column":59}},"5":{"start":{"line":8,"column":24},"end":{"line":17,"column":2}},"6":{"start":{"line":8,"column":62},"end":{"line":17,"column":2}},"7":{"start":{"line":9,"column":2},"end":{"line":16,"column":null}},"8":{"start":{"line":10,"column":17},"end":{"line":10,"column":39}},"9":{"start":{"line":12,"column":4},"end":{"line":12,"column":23}},"10":{"start":{"line":14,"column":4},"end":{"line":14,"column":31}},"11":{"start":{"line":15,"column":4},"end":{"line":15,"column":44}},"12":{"start":{"line":8,"column":13},"end":{"line":8,"column":24}},"13":{"start":{"line":19,"column":23},"end":{"line":29,"column":2}},"14":{"start":{"line":19,"column":61},"end":{"line":29,"column":2}},"15":{"start":{"line":20,"column":2},"end":{"line":28,"column":null}},"16":{"start":{"line":21,"column":17},"end":{"line":21,"column":33}},"17":{"start":{"line":22,"column":19},"end":{"line":22,"column":23}},"18":{"start":{"line":24,"column":17},"end":{"line":24,"column":43}},"19":{"start":{"line":25,"column":4},"end":{"line":25,"column":23}},"20":{"start":{"line":27,"column":4},"end":{"line":27,"column":43}},"21":{"start":{"line":19,"column":13},"end":{"line":19,"column":23}},"22":{"start":{"line":31,"column":26},"end":{"line":44,"column":2}},"23":{"start":{"line":31,"column":64},"end":{"line":44,"column":2}},"24":{"start":{"line":32,"column":2},"end":{"line":43,"column":null}},"25":{"start":{"line":33,"column":21},"end":{"line":33,"column":24}},"26":{"start":{"line":34,"column":21},"end":{"line":37,"column":6}},"27":{"start":{"line":38,"column":17},"end":{"line":38,"column":47}},"28":{"start":{"line":39,"column":4},"end":{"line":39,"column":20}},"29":{"start":{"line":40,"column":4},"end":{"line":40,"column":23}},"30":{"start":{"line":42,"column":4},"end":{"line":42,"column":47}},"31":{"start":{"line":31,"column":13},"end":{"line":31,"column":26}},"32":{"start":{"line":46,"column":26},"end":{"line":64,"column":2}},"33":{"start":{"line":46,"column":64},"end":{"line":64,"column":2}},"34":{"start":{"line":47,"column":2},"end":{"line":63,"column":null}},"35":{"start":{"line":48,"column":17},"end":{"line":48,"column":33}},"36":{"start":{"line":49,"column":19},"end":{"line":49,"column":23}},"37":{"start":{"line":50,"column":21},"end":{"line":50,"column":47}},"38":{"start":{"line":51,"column":4},"end":{"line":51,"column":40}},"39":{"start":{"line":52,"column":21},"end":{"line":52,"column":63}},"40":{"start":{"line":53,"column":4},"end":{"line":53,"column":28}},"41":{"start":{"line":55,"column":17},"end":{"line":58,"column":6}},"42":{"start":{"line":60,"column":4},"end":{"line":60,"column":23}},"43":{"start":{"line":62,"column":4},"end":{"line":62,"column":46}},"44":{"start":{"line":46,"column":13},"end":{"line":46,"column":26}}},"fnMap":{"0":{"name":"(anonymous_8)","decl":{"start":{"line":8,"column":24},"end":{"line":8,"column":31}},"loc":{"start":{"line":8,"column":62},"end":{"line":17,"column":2}}},"1":{"name":"(anonymous_9)","decl":{"start":{"line":8,"column":62},"end":{"line":8,"column":null}},"loc":{"start":{"line":8,"column":62},"end":{"line":17,"column":1}}},"2":{"name":"(anonymous_10)","decl":{"start":{"line":19,"column":23},"end":{"line":19,"column":30}},"loc":{"start":{"line":19,"column":61},"end":{"line":29,"column":2}}},"3":{"name":"(anonymous_11)","decl":{"start":{"line":19,"column":61},"end":{"line":19,"column":null}},"loc":{"start":{"line":19,"column":61},"end":{"line":29,"column":1}}},"4":{"name":"(anonymous_12)","decl":{"start":{"line":31,"column":26},"end":{"line":31,"column":33}},"loc":{"start":{"line":31,"column":64},"end":{"line":44,"column":2}}},"5":{"name":"(anonymous_13)","decl":{"start":{"line":31,"column":64},"end":{"line":31,"column":null}},"loc":{"start":{"line":31,"column":64},"end":{"line":44,"column":1}}},"6":{"name":"(anonymous_14)","decl":{"start":{"line":46,"column":26},"end":{"line":46,"column":33}},"loc":{"start":{"line":46,"column":64},"end":{"line":64,"column":2}}},"7":{"name":"(anonymous_15)","decl":{"start":{"line":46,"column":64},"end":{"line":46,"column":null}},"loc":{"start":{"line":46,"column":64},"end":{"line":64,"column":1}}}},"branchMap":{"0":{"loc":{"start":{"line":35,"column":16},"end":{"line":35,"column":30}},"type":"cond-expr","locations":[{"start":{"line":35,"column":20},"end":{"line":35,"column":22}},{"start":{"line":35,"column":16},"end":{"line":35,"column":30}}]},"1":{"loc":{"start":{"line":35,"column":16},"end":{"line":35,"column":22}},"type":"binary-expr","locations":[{"start":{"line":35,"column":16},"end":{"line":35,"column":22}},{"start":{"line":35,"column":16},"end":{"line":35,"column":22}}]},"2":{"loc":{"start":{"line":36,"column":32},"end":{"line":36,"column":46}},"type":"cond-expr","locations":[{"start":{"line":36,"column":36},"end":{"line":36,"column":38}},{"start":{"line":36,"column":32},"end":{"line":36,"column":46}}]},"3":{"loc":{"start":{"line":36,"column":32},"end":{"line":36,"column":38}},"type":"binary-expr","locations":[{"start":{"line":36,"column":32},"end":{"line":36,"column":38}},{"start":{"line":36,"column":32},"end":{"line":36,"column":38}}]},"4":{"loc":{"start":{"line":52,"column":43},"end":{"line":52,"column":61}},"type":"cond-expr","locations":[{"start":{"line":52,"column":51},"end":{"line":52,"column":53}},{"start":{"line":52,"column":43},"end":{"line":52,"column":61}}]},"5":{"loc":{"start":{"line":52,"column":43},"end":{"line":52,"column":53}},"type":"binary-expr","locations":[{"start":{"line":52,"column":43},"end":{"line":52,"column":53}},{"start":{"line":52,"column":43},"end":{"line":52,"column":53}}]}},"s":{"0":3,"1":3,"2":3,"3":3,"4":3,"5":3,"6":1,"7":1,"8":1,"9":1,"10":0,"11":0,"12":3,"13":3,"14":1,"15":1,"16":1,"17":1,"18":1,"19":1,"20":0,"21":3,"22":3,"23":1,"24":1,"25":1,"26":1,"27":1,"28":1,"29":1,"30":0,"31":3,"32":3,"33":0,"34":0,"35":0,"36":0,"37":0,"38":0,"39":0,"40":0,"41":0,"42":0,"43":0,"44":3},"f":{"0":1,"1":1,"2":1,"3":1,"4":1,"5":1,"6":0,"7":0},"b":{"0":[0,1],"1":[1,1],"2":[0,1],"3":[1,1],"4":[0,0],"5":[0,0]}}
,"C:\\Users\\Marcos\\Desktop\\node\\leifer\\src\\controllers\\tracks.controller.ts": {"path":"C:\\Users\\Marcos\\Desktop\\node\\leifer\\src\\controllers\\tracks.controller.ts","statementMap":{"0":{"start":{"line":2,"column":0},"end":{"line":2,"column":48}},"1":{"start":{"line":3,"column":0},"end":{"line":3,"column":34}},"2":{"start":{"line":4,"column":0},"end":{"line":4,"column":59}},"3":{"start":{"line":6,"column":24},"end":{"line":15,"column":2}},"4":{"start":{"line":6,"column":62},"end":{"line":15,"column":2}},"5":{"start":{"line":7,"column":2},"end":{"line":14,"column":null}},"6":{"start":{"line":8,"column":17},"end":{"line":8,"column":51}},"7":{"start":{"line":10,"column":4},"end":{"line":10,"column":23}},"8":{"start":{"line":12,"column":4},"end":{"line":12,"column":31}},"9":{"start":{"line":13,"column":4},"end":{"line":13,"column":44}},"10":{"start":{"line":6,"column":13},"end":{"line":6,"column":24}},"11":{"start":{"line":17,"column":23},"end":{"line":27,"column":2}},"12":{"start":{"line":17,"column":61},"end":{"line":27,"column":2}},"13":{"start":{"line":18,"column":2},"end":{"line":26,"column":null}},"14":{"start":{"line":19,"column":17},"end":{"line":19,"column":33}},"15":{"start":{"line":20,"column":19},"end":{"line":20,"column":23}},"16":{"start":{"line":22,"column":17},"end":{"line":22,"column":41}},"17":{"start":{"line":23,"column":4},"end":{"line":23,"column":23}},"18":{"start":{"line":25,"column":4},"end":{"line":25,"column":43}},"19":{"start":{"line":17,"column":13},"end":{"line":17,"column":23}},"20":{"start":{"line":29,"column":26},"end":{"line":38,"column":2}},"21":{"start":{"line":29,"column":64},"end":{"line":38,"column":2}},"22":{"start":{"line":30,"column":2},"end":{"line":37,"column":null}},"23":{"start":{"line":31,"column":17},"end":{"line":31,"column":33}},"24":{"start":{"line":33,"column":17},"end":{"line":33,"column":41}},"25":{"start":{"line":34,"column":4},"end":{"line":34,"column":23}},"26":{"start":{"line":36,"column":4},"end":{"line":36,"column":46}},"27":{"start":{"line":29,"column":13},"end":{"line":29,"column":26}},"28":{"start":{"line":40,"column":26},"end":{"line":49,"column":2}},"29":{"start":{"line":40,"column":64},"end":{"line":49,"column":2}},"30":{"start":{"line":41,"column":2},"end":{"line":48,"column":null}},"31":{"start":{"line":42,"column":28},"end":{"line":42,"column":44}},"32":{"start":{"line":42,"column":14},"end":{"line":42,"column":19}},"33":{"start":{"line":42,"column":23},"end":{"line":42,"column":28}},"34":{"start":{"line":44,"column":17},"end":{"line":44,"column":71}},"35":{"start":{"line":45,"column":4},"end":{"line":45,"column":23}},"36":{"start":{"line":47,"column":4},"end":{"line":47,"column":46}},"37":{"start":{"line":40,"column":13},"end":{"line":40,"column":26}},"38":{"start":{"line":51,"column":26},"end":{"line":61,"column":2}},"39":{"start":{"line":51,"column":64},"end":{"line":61,"column":2}},"40":{"start":{"line":52,"column":2},"end":{"line":60,"column":null}},"41":{"start":{"line":53,"column":17},"end":{"line":53,"column":33}},"42":{"start":{"line":54,"column":19},"end":{"line":54,"column":23}},"43":{"start":{"line":56,"column":17},"end":{"line":56,"column":84}},"44":{"start":{"line":57,"column":4},"end":{"line":57,"column":23}},"45":{"start":{"line":59,"column":4},"end":{"line":59,"column":46}},"46":{"start":{"line":51,"column":13},"end":{"line":51,"column":26}}},"fnMap":{"0":{"name":"(anonymous_8)","decl":{"start":{"line":6,"column":24},"end":{"line":6,"column":31}},"loc":{"start":{"line":6,"column":62},"end":{"line":15,"column":2}}},"1":{"name":"(anonymous_9)","decl":{"start":{"line":6,"column":62},"end":{"line":6,"column":null}},"loc":{"start":{"line":6,"column":62},"end":{"line":15,"column":1}}},"2":{"name":"(anonymous_10)","decl":{"start":{"line":17,"column":23},"end":{"line":17,"column":30}},"loc":{"start":{"line":17,"column":61},"end":{"line":27,"column":2}}},"3":{"name":"(anonymous_11)","decl":{"start":{"line":17,"column":61},"end":{"line":17,"column":null}},"loc":{"start":{"line":17,"column":61},"end":{"line":27,"column":1}}},"4":{"name":"(anonymous_12)","decl":{"start":{"line":29,"column":26},"end":{"line":29,"column":33}},"loc":{"start":{"line":29,"column":64},"end":{"line":38,"column":2}}},"5":{"name":"(anonymous_13)","decl":{"start":{"line":29,"column":64},"end":{"line":29,"column":null}},"loc":{"start":{"line":29,"column":64},"end":{"line":38,"column":1}}},"6":{"name":"(anonymous_14)","decl":{"start":{"line":40,"column":26},"end":{"line":40,"column":33}},"loc":{"start":{"line":40,"column":64},"end":{"line":49,"column":2}}},"7":{"name":"(anonymous_15)","decl":{"start":{"line":40,"column":64},"end":{"line":40,"column":null}},"loc":{"start":{"line":40,"column":64},"end":{"line":49,"column":1}}},"8":{"name":"(anonymous_16)","decl":{"start":{"line":51,"column":26},"end":{"line":51,"column":33}},"loc":{"start":{"line":51,"column":64},"end":{"line":61,"column":2}}},"9":{"name":"(anonymous_17)","decl":{"start":{"line":51,"column":64},"end":{"line":51,"column":null}},"loc":{"start":{"line":51,"column":64},"end":{"line":61,"column":1}}}},"branchMap":{},"s":{"0":3,"1":3,"2":3,"3":3,"4":1,"5":1,"6":1,"7":1,"8":0,"9":0,"10":3,"11":3,"12":1,"13":1,"14":1,"15":1,"16":1,"17":1,"18":0,"19":3,"20":3,"21":0,"22":0,"23":0,"24":0,"25":0,"26":0,"27":3,"28":3,"29":0,"30":0,"31":0,"32":0,"33":0,"34":0,"35":0,"36":0,"37":3,"38":3,"39":1,"40":1,"41":1,"42":1,"43":1,"44":1,"45":0,"46":3},"f":{"0":1,"1":1,"2":1,"3":1,"4":0,"5":0,"6":0,"7":0,"8":1,"9":1},"b":{}}
,"C:\\Users\\Marcos\\Desktop\\node\\leifer\\src\\docs\\swagger.ts": {"path":"C:\\Users\\Marcos\\Desktop\\node\\leifer\\src\\docs\\swagger.ts","statementMap":{"0":{"start":{"line":1,"column":0},"end":{"line":1,"column":39}},"1":{"start":{"line":3,"column":26},"end":{"line":108,"column":2}},"2":{"start":{"line":110,"column":16},"end":{"line":113,"column":2}},"3":{"start":{"line":115,"column":13},"end":{"line":115,"column":49}}},"fnMap":{},"branchMap":{},"s":{"0":3,"1":3,"2":3,"3":3},"f":{},"b":{}}
,"C:\\Users\\Marcos\\Desktop\\node\\leifer\\src\\middlewares\\role.ts": {"path":"C:\\Users\\Marcos\\Desktop\\node\\leifer\\src\\middlewares\\role.ts","statementMap":{"0":{"start":{"line":3,"column":0},"end":{"line":3,"column":59}},"1":{"start":{"line":5,"column":25},"end":{"line":21,"column":1}},"2":{"start":{"line":5,"column":50},"end":{"line":21,"column":1}},"3":{"start":{"line":6,"column":2},"end":{"line":20,"column":null}},"4":{"start":{"line":7,"column":21},"end":{"line":7,"column":24}},"5":{"start":{"line":8,"column":4},"end":{"line":8,"column":22}},"6":{"start":{"line":9,"column":24},"end":{"line":9,"column":34}},"7":{"start":{"line":11,"column":27},"end":{"line":11,"column":85}},"8":{"start":{"line":11,"column":52},"end":{"line":11,"column":84}},"9":{"start":{"line":12,"column":4},"end":{"line":15,"column":null}},"10":{"start":{"line":13,"column":6},"end":{"line":13,"column":56}},"11":{"start":{"line":14,"column":6},"end":{"line":14,"column":13}},"12":{"start":{"line":17,"column":4},"end":{"line":17,"column":11}},"13":{"start":{"line":19,"column":4},"end":{"line":19,"column":51}},"14":{"start":{"line":5,"column":13},"end":{"line":5,"column":25}}},"fnMap":{"0":{"name":"(anonymous_0)","decl":{"start":{"line":5,"column":25},"end":{"line":5,"column":26}},"loc":{"start":{"line":5,"column":50},"end":{"line":21,"column":1}}},"1":{"name":"(anonymous_1)","decl":{"start":{"line":5,"column":50},"end":{"line":5,"column":51}},"loc":{"start":{"line":5,"column":102},"end":{"line":21,"column":1}}},"2":{"name":"(anonymous_2)","decl":{"start":{"line":11,"column":37},"end":{"line":11,"column":38}},"loc":{"start":{"line":11,"column":52},"end":{"line":11,"column":84}}}},"branchMap":{"0":{"loc":{"start":{"line":9,"column":24},"end":{"line":9,"column":34}},"type":"cond-expr","locations":[{"start":{"line":9,"column":28},"end":{"line":9,"column":30}},{"start":{"line":9,"column":24},"end":{"line":9,"column":34}}]},"1":{"loc":{"start":{"line":9,"column":24},"end":{"line":9,"column":30}},"type":"binary-expr","locations":[{"start":{"line":9,"column":24},"end":{"line":9,"column":30}},{"start":{"line":9,"column":24},"end":{"line":9,"column":30}}]},"2":{"loc":{"start":{"line":11,"column":52},"end":{"line":11,"column":84}},"type":"cond-expr","locations":[{"start":{"line":11,"column":63},"end":{"line":11,"column":65}},{"start":{"line":11,"column":52},"end":{"line":11,"column":84}}]},"3":{"loc":{"start":{"line":11,"column":52},"end":{"line":11,"column":65}},"type":"binary-expr","locations":[{"start":{"line":11,"column":52},"end":{"line":11,"column":65}},{"start":{"line":11,"column":52},"end":{"line":11,"column":65}}]},"4":{"loc":{"start":{"line":12,"column":4},"end":{"line":15,"column":null}},"type":"if","locations":[{"start":{"line":12,"column":4},"end":{"line":15,"column":null}}]}},"s":{"0":3,"1":3,"2":3,"3":1,"4":1,"5":1,"6":1,"7":1,"8":1,"9":1,"10":1,"11":1,"12":0,"13":0,"14":3},"f":{"0":3,"1":1,"2":1},"b":{"0":[1,0],"1":[1,1],"2":[1,0],"3":[1,1],"4":[1]}}
,"C:\\Users\\Marcos\\Desktop\\node\\leifer\\src\\middlewares\\session.ts": {"path":"C:\\Users\\Marcos\\Desktop\\node\\leifer\\src\\middlewares\\session.ts","statementMap":{"0":{"start":{"line":2,"column":0},"end":{"line":2,"column":33}},"1":{"start":{"line":4,"column":0},"end":{"line":4,"column":59}},"2":{"start":{"line":5,"column":0},"end":{"line":5,"column":49}},"3":{"start":{"line":7,"column":30},"end":{"line":35,"column":2}},"4":{"start":{"line":7,"column":88},"end":{"line":35,"column":2}},"5":{"start":{"line":8,"column":2},"end":{"line":34,"column":null}},"6":{"start":{"line":9,"column":4},"end":{"line":12,"column":null}},"7":{"start":{"line":10,"column":6},"end":{"line":10,"column":44}},"8":{"start":{"line":11,"column":6},"end":{"line":11,"column":13}},"9":{"start":{"line":14,"column":18},"end":{"line":14,"column":61}},"10":{"start":{"line":15,"column":20},"end":{"line":15,"column":39}},"11":{"start":{"line":17,"column":4},"end":{"line":20,"column":null}},"12":{"start":{"line":18,"column":6},"end":{"line":18,"column":50}},"13":{"start":{"line":19,"column":6},"end":{"line":19,"column":13}},"14":{"start":{"line":24,"column":17},"end":{"line":24,"column":77}},"15":{"start":{"line":25,"column":4},"end":{"line":28,"column":null}},"16":{"start":{"line":26,"column":6},"end":{"line":26,"column":48}},"17":{"start":{"line":27,"column":6},"end":{"line":27,"column":13}},"18":{"start":{"line":29,"column":4},"end":{"line":29,"column":20}},"19":{"start":{"line":31,"column":4},"end":{"line":31,"column":11}},"20":{"start":{"line":33,"column":4},"end":{"line":33,"column":44}},"21":{"start":{"line":7,"column":13},"end":{"line":7,"column":30}}},"fnMap":{"0":{"name":"(anonymous_7)","decl":{"start":{"line":7,"column":30},"end":{"line":7,"column":37}},"loc":{"start":{"line":7,"column":88},"end":{"line":35,"column":2}}},"1":{"name":"(anonymous_8)","decl":{"start":{"line":7,"column":88},"end":{"line":7,"column":null}},"loc":{"start":{"line":7,"column":88},"end":{"line":35,"column":1}}}},"branchMap":{"0":{"loc":{"start":{"line":9,"column":4},"end":{"line":12,"column":null}},"type":"if","locations":[{"start":{"line":9,"column":4},"end":{"line":12,"column":null}}]},"1":{"loc":{"start":{"line":14,"column":18},"end":{"line":14,"column":61}},"type":"cond-expr","locations":[{"start":{"line":14,"column":43},"end":{"line":14,"column":45}},{"start":{"line":14,"column":43},"end":{"line":14,"column":61}}]},"2":{"loc":{"start":{"line":14,"column":18},"end":{"line":14,"column":45}},"type":"binary-expr","locations":[{"start":{"line":14,"column":18},"end":{"line":14,"column":45}},{"start":{"line":14,"column":43},"end":{"line":14,"column":45}}]},"3":{"loc":{"start":{"line":17,"column":4},"end":{"line":20,"column":null}},"type":"if","locations":[{"start":{"line":17,"column":4},"end":{"line":20,"column":null}}]},"4":{"loc":{"start":{"line":25,"column":4},"end":{"line":28,"column":null}},"type":"if","locations":[{"start":{"line":25,"column":4},"end":{"line":28,"column":null}}]}},"s":{"0":3,"1":3,"2":3,"3":3,"4":1,"5":1,"6":1,"7":0,"8":0,"9":1,"10":1,"11":1,"12":0,"13":0,"14":1,"15":1,"16":0,"17":0,"18":1,"19":1,"20":0,"21":3},"f":{"0":1,"1":1},"b":{"0":[0],"1":[0,1],"2":[1,1],"3":[0],"4":[0]}}
,"C:\\Users\\Marcos\\Desktop\\node\\leifer\\src\\models\\index.ts": {"path":"C:\\Users\\Marcos\\Desktop\\node\\leifer\\src\\models\\index.ts","statementMap":{"0":{"start":{"line":1,"column":0},"end":{"line":1,"column":32}},"1":{"start":{"line":2,"column":0},"end":{"line":2,"column":31}},"2":{"start":{"line":3,"column":0},"end":{"line":3,"column":30}}},"fnMap":{},"branchMap":{},"s":{"0":3,"1":3,"2":3},"f":{},"b":{}}
,"C:\\Users\\Marcos\\Desktop\\node\\leifer\\src\\models\\storage.model.ts": {"path":"C:\\Users\\Marcos\\Desktop\\node\\leifer\\src\\models\\storage.model.ts","statementMap":{"0":{"start":{"line":1,"column":0},"end":{"line":1,"column":32}},"1":{"start":{"line":4,"column":22},"end":{"line":15,"column":null}},"2":{"start":{"line":19,"column":13},"end":{"line":19,"column":100}}},"fnMap":{},"branchMap":{},"s":{"0":3,"1":3,"2":3},"f":{},"b":{}}
,"C:\\Users\\Marcos\\Desktop\\node\\leifer\\src\\models\\tracks.model.ts": {"path":"C:\\Users\\Marcos\\Desktop\\node\\leifer\\src\\models\\tracks.model.ts","statementMap":{"0":{"start":{"line":1,"column":0},"end":{"line":1,"column":32}},"1":{"start":{"line":3,"column":20},"end":{"line":45,"column":null}},"2":{"start":{"line":15,"column":10},"end":{"line":15,"column":22}},"3":{"start":{"line":49,"column":13},"end":{"line":49,"column":100}}},"fnMap":{"0":{"name":"(anonymous_1)","decl":{"start":{"line":14,"column":19},"end":{"line":14,"column":22}},"loc":{"start":{"line":14,"column":24},"end":{"line":16,"column":9}}}},"branchMap":{},"s":{"0":3,"1":3,"2":0,"3":3},"f":{"0":0},"b":{}}
,"C:\\Users\\Marcos\\Desktop\\node\\leifer\\src\\models\\users.model.ts": {"path":"C:\\Users\\Marcos\\Desktop\\node\\leifer\\src\\models\\users.model.ts","statementMap":{"0":{"start":{"line":1,"column":0},"end":{"line":1,"column":32}},"1":{"start":{"line":3,"column":19},"end":{"line":26,"column":null}},"2":{"start":{"line":30,"column":13},"end":{"line":30,"column":95}}},"fnMap":{},"branchMap":{},"s":{"0":3,"1":3,"2":3},"f":{},"b":{}}
,"C:\\Users\\Marcos\\Desktop\\node\\leifer\\src\\routes\\auth.route.ts": {"path":"C:\\Users\\Marcos\\Desktop\\node\\leifer\\src\\routes\\auth.route.ts","statementMap":{"0":{"start":{"line":1,"column":0},"end":{"line":1,"column":30}},"1":{"start":{"line":2,"column":0},"end":{"line":2,"column":59}},"2":{"start":{"line":3,"column":0},"end":{"line":3,"column":81}},"3":{"start":{"line":5,"column":15},"end":{"line":5,"column":31}},"4":{"start":{"line":27,"column":0},"end":{"line":27,"column":60}},"5":{"start":{"line":53,"column":0},"end":{"line":53,"column":57}},"6":{"start":{"line":55,"column":0},"end":{"line":55,"column":22}}},"fnMap":{},"branchMap":{},"s":{"0":3,"1":3,"2":3,"3":3,"4":3,"5":3,"6":3},"f":{},"b":{}}
,"C:\\Users\\Marcos\\Desktop\\node\\leifer\\src\\routes\\index.ts": {"path":"C:\\Users\\Marcos\\Desktop\\node\\leifer\\src\\routes\\index.ts","statementMap":{"0":{"start":{"line":1,"column":0},"end":{"line":1,"column":30}},"1":{"start":{"line":2,"column":0},"end":{"line":2,"column":50}},"2":{"start":{"line":3,"column":0},"end":{"line":3,"column":56}},"3":{"start":{"line":4,"column":0},"end":{"line":4,"column":53}},"4":{"start":{"line":6,"column":15},"end":{"line":6,"column":31}},"5":{"start":{"line":8,"column":54},"end":{"line":12,"column":2}},"6":{"start":{"line":14,"column":0},"end":{"line":16,"column":null}},"7":{"start":{"line":15,"column":2},"end":{"line":15,"column":43}},"8":{"start":{"line":18,"column":0},"end":{"line":18,"column":22}}},"fnMap":{},"branchMap":{},"s":{"0":3,"1":3,"2":3,"3":3,"4":3,"5":3,"6":3,"7":9,"8":3},"f":{},"b":{}}
,"C:\\Users\\Marcos\\Desktop\\node\\leifer\\src\\routes\\storage.route.ts": {"path":"C:\\Users\\Marcos\\Desktop\\node\\leifer\\src\\routes\\storage.route.ts","statementMap":{"0":{"start":{"line":1,"column":0},"end":{"line":1,"column":30}},"1":{"start":{"line":2,"column":0},"end":{"line":2,"column":65}},"2":{"start":{"line":3,"column":0},"end":{"line":3,"column":58}},"3":{"start":{"line":4,"column":0},"end":{"line":4,"column":88}},"4":{"start":{"line":6,"column":15},"end":{"line":6,"column":31}},"5":{"start":{"line":57,"column":0},"end":{"line":57,"column":108}},"6":{"start":{"line":105,"column":0},"end":{"line":105,"column":116}},"7":{"start":{"line":107,"column":0},"end":{"line":107,"column":22}}},"fnMap":{},"branchMap":{},"s":{"0":3,"1":3,"2":3,"3":3,"4":3,"5":3,"6":3,"7":3},"f":{},"b":{}}
,"C:\\Users\\Marcos\\Desktop\\node\\leifer\\src\\routes\\tracks.route.ts": {"path":"C:\\Users\\Marcos\\Desktop\\node\\leifer\\src\\routes\\tracks.route.ts","statementMap":{"0":{"start":{"line":1,"column":0},"end":{"line":1,"column":30}},"1":{"start":{"line":2,"column":0},"end":{"line":2,"column":62}},"2":{"start":{"line":3,"column":0},"end":{"line":3,"column":48}},"3":{"start":{"line":4,"column":0},"end":{"line":4,"column":56}},"4":{"start":{"line":5,"column":0},"end":{"line":5,"column":129}},"5":{"start":{"line":7,"column":15},"end":{"line":7,"column":31}},"6":{"start":{"line":54,"column":0},"end":{"line":57,"column":78}},"7":{"start":{"line":139,"column":0},"end":{"line":139,"column":159}},"8":{"start":{"line":141,"column":0},"end":{"line":141,"column":22}}},"fnMap":{},"branchMap":{},"s":{"0":3,"1":3,"2":3,"3":3,"4":3,"5":3,"6":3,"7":3,"8":3},"f":{},"b":{}}
,"C:\\Users\\Marcos\\Desktop\\node\\leifer\\src\\test\\helper\\helperData.ts": {"path":"C:\\Users\\Marcos\\Desktop\\node\\leifer\\src\\test\\helper\\helperData.ts","statementMap":{"0":{"start":{"line":1,"column":13},"end":{"line":4,"column":2}},"1":{"start":{"line":6,"column":13},"end":{"line":11,"column":2}},"2":{"start":{"line":13,"column":13},"end":{"line":19,"column":2}},"3":{"start":{"line":21,"column":13},"end":{"line":24,"column":2}},"4":{"start":{"line":26,"column":13},"end":{"line":40,"column":2}}},"fnMap":{},"branchMap":{},"s":{"0":3,"1":3,"2":3,"3":3,"4":3},"f":{},"b":{}}
,"C:\\Users\\Marcos\\Desktop\\node\\leifer\\src\\utils\\handleHttpError.ts": {"path":"C:\\Users\\Marcos\\Desktop\\node\\leifer\\src\\utils\\handleHttpError.ts","statementMap":{"0":{"start":{"line":3,"column":31},"end":{"line":5,"column":1}},"1":{"start":{"line":4,"column":2},"end":{"line":4,"column":33}},"2":{"start":{"line":3,"column":13},"end":{"line":3,"column":31}}},"fnMap":{"0":{"name":"(anonymous_0)","decl":{"start":{"line":3,"column":31},"end":{"line":3,"column":32}},"loc":{"start":{"line":3,"column":83},"end":{"line":5,"column":1}}}},"branchMap":{"0":{"loc":{"start":{"line":3,"column":47},"end":{"line":3,"column":67}},"type":"default-arg","locations":[{"start":{"line":3,"column":53},"end":{"line":3,"column":67}}]},"1":{"loc":{"start":{"line":3,"column":69},"end":{"line":3,"column":79}},"type":"default-arg","locations":[{"start":{"line":3,"column":76},"end":{"line":3,"column":79}}]}},"s":{"0":3,"1":3,"2":3},"f":{"0":3},"b":{"0":[0],"1":[0]}}
,"C:\\Users\\Marcos\\Desktop\\node\\leifer\\src\\utils\\handleJwt.ts": {"path":"C:\\Users\\Marcos\\Desktop\\node\\leifer\\src\\utils\\handleJwt.ts","statementMap":{"0":{"start":{"line":1,"column":0},"end":{"line":1,"column":47}},"1":{"start":{"line":2,"column":0},"end":{"line":2,"column":36}},"2":{"start":{"line":5,"column":25},"end":{"line":16,"column":1}},"3":{"start":{"line":6,"column":15},"end":{"line":12,"column":null}},"4":{"start":{"line":15,"column":2},"end":{"line":15,"column":14}},"5":{"start":{"line":5,"column":13},"end":{"line":5,"column":25}},"6":{"start":{"line":18,"column":27},"end":{"line":26,"column":1}},"7":{"start":{"line":19,"column":2},"end":{"line":25,"column":null}},"8":{"start":{"line":20,"column":25},"end":{"line":20,"column":76}},"9":{"start":{"line":21,"column":4},"end":{"line":21,"column":103}},"10":{"start":{"line":21,"column":66},"end":{"line":21,"column":103}},"11":{"start":{"line":22,"column":4},"end":{"line":22,"column":24}},"12":{"start":{"line":24,"column":4},"end":{"line":24,"column":52}},"13":{"start":{"line":18,"column":13},"end":{"line":18,"column":27}}},"fnMap":{"0":{"name":"(anonymous_1)","decl":{"start":{"line":5,"column":25},"end":{"line":5,"column":26}},"loc":{"start":{"line":5,"column":39},"end":{"line":16,"column":1}}},"1":{"name":"(anonymous_2)","decl":{"start":{"line":18,"column":27},"end":{"line":18,"column":28}},"loc":{"start":{"line":18,"column":60},"end":{"line":26,"column":1}}}},"branchMap":{"0":{"loc":{"start":{"line":21,"column":4},"end":{"line":21,"column":103}},"type":"if","locations":[{"start":{"line":21,"column":4},"end":{"line":21,"column":103}}]},"1":{"loc":{"start":{"line":21,"column":8},"end":{"line":21,"column":64}},"type":"binary-expr","locations":[{"start":{"line":21,"column":8},"end":{"line":21,"column":24}},{"start":{"line":21,"column":28},"end":{"line":21,"column":64}}]}},"s":{"0":3,"1":3,"2":3,"3":4,"4":4,"5":3,"6":3,"7":1,"8":1,"9":1,"10":0,"11":1,"12":0,"13":3},"f":{"0":4,"1":1},"b":{"0":[0],"1":[1,1]}}
,"C:\\Users\\Marcos\\Desktop\\node\\leifer\\src\\utils\\handlePassword.ts": {"path":"C:\\Users\\Marcos\\Desktop\\node\\leifer\\src\\utils\\handlePassword.ts","statementMap":{"0":{"start":{"line":1,"column":0},"end":{"line":1,"column":28}},"1":{"start":{"line":3,"column":23},"end":{"line":6,"column":2}},"2":{"start":{"line":3,"column":55},"end":{"line":6,"column":2}},"3":{"start":{"line":4,"column":15},"end":{"line":4,"column":51}},"4":{"start":{"line":5,"column":2},"end":{"line":5,"column":14}},"5":{"start":{"line":3,"column":13},"end":{"line":3,"column":23}},"6":{"start":{"line":8,"column":30},"end":{"line":10,"column":2}},"7":{"start":{"line":8,"column":84},"end":{"line":10,"column":2}},"8":{"start":{"line":9,"column":2},"end":{"line":9,"column":59}},"9":{"start":{"line":8,"column":13},"end":{"line":8,"column":30}}},"fnMap":{"0":{"name":"(anonymous_8)","decl":{"start":{"line":3,"column":23},"end":{"line":3,"column":30}},"loc":{"start":{"line":3,"column":55},"end":{"line":6,"column":2}}},"1":{"name":"(anonymous_9)","decl":{"start":{"line":3,"column":55},"end":{"line":3,"column":null}},"loc":{"start":{"line":3,"column":55},"end":{"line":6,"column":1}}},"2":{"name":"(anonymous_10)","decl":{"start":{"line":8,"column":30},"end":{"line":8,"column":37}},"loc":{"start":{"line":8,"column":84},"end":{"line":10,"column":2}}},"3":{"name":"(anonymous_11)","decl":{"start":{"line":8,"column":84},"end":{"line":8,"column":null}},"loc":{"start":{"line":8,"column":84},"end":{"line":10,"column":1}}}},"branchMap":{},"s":{"0":3,"1":3,"2":1,"3":1,"4":1,"5":3,"6":3,"7":2,"8":2,"9":3},"f":{"0":1,"1":1,"2":2,"3":2},"b":{}}
,"C:\\Users\\Marcos\\Desktop\\node\\leifer\\src\\utils\\handleStorage.ts": {"path":"C:\\Users\\Marcos\\Desktop\\node\\leifer\\src\\utils\\handleStorage.ts","statementMap":{"0":{"start":{"line":1,"column":0},"end":{"line":1,"column":28}},"1":{"start":{"line":3,"column":16},"end":{"line":13,"column":2}},"2":{"start":{"line":5,"column":24},"end":{"line":5,"column":49}},"3":{"start":{"line":6,"column":4},"end":{"line":6,"column":26}},"4":{"start":{"line":9,"column":16},"end":{"line":9,"column":50}},"5":{"start":{"line":10,"column":21},"end":{"line":10,"column":48}},"6":{"start":{"line":11,"column":4},"end":{"line":11,"column":23}},"7":{"start":{"line":15,"column":13},"end":{"line":15,"column":52}}},"fnMap":{"0":{"name":"(anonymous_1)","decl":{"start":{"line":4,"column":15},"end":{"line":4,"column":25}},"loc":{"start":{"line":4,"column":38},"end":{"line":7,"column":3}}},"1":{"name":"(anonymous_2)","decl":{"start":{"line":8,"column":12},"end":{"line":8,"column":22}},"loc":{"start":{"line":8,"column":35},"end":{"line":12,"column":3}}}},"branchMap":{},"s":{"0":3,"1":3,"2":1,"3":1,"4":1,"5":1,"6":1,"7":3},"f":{"0":1,"1":1},"b":{}}
,"C:\\Users\\Marcos\\Desktop\\node\\leifer\\src\\utils\\handleValidator.ts": {"path":"C:\\Users\\Marcos\\Desktop\\node\\leifer\\src\\utils\\handleValidator.ts","statementMap":{"0":{"start":{"line":2,"column":0},"end":{"line":2,"column":53}},"1":{"start":{"line":4,"column":31},"end":{"line":12,"column":1}},"2":{"start":{"line":5,"column":2},"end":{"line":11,"column":null}},"3":{"start":{"line":6,"column":4},"end":{"line":6,"column":34}},"4":{"start":{"line":7,"column":4},"end":{"line":7,"column":18}},"5":{"start":{"line":9,"column":4},"end":{"line":9,"column":20}},"6":{"start":{"line":10,"column":4},"end":{"line":10,"column":40}},"7":{"start":{"line":4,"column":13},"end":{"line":4,"column":31}}},"fnMap":{"0":{"name":"(anonymous_0)","decl":{"start":{"line":4,"column":31},"end":{"line":4,"column":32}},"loc":{"start":{"line":4,"column":83},"end":{"line":12,"column":1}}}},"branchMap":{},"s":{"0":3,"1":3,"2":8,"3":8,"4":8,"5":0,"6":0,"7":3},"f":{"0":8},"b":{}}
,"C:\\Users\\Marcos\\Desktop\\node\\leifer\\src\\validators\\auth.validator.ts": {"path":"C:\\Users\\Marcos\\Desktop\\node\\leifer\\src\\validators\\auth.validator.ts","statementMap":{"0":{"start":{"line":2,"column":0},"end":{"line":2,"column":42}},"1":{"start":{"line":3,"column":0},"end":{"line":3,"column":59}},"2":{"start":{"line":5,"column":13},"end":{"line":13,"column":2}},"3":{"start":{"line":11,"column":4},"end":{"line":11,"column":43}},"4":{"start":{"line":15,"column":13},"end":{"line":21,"column":2}},"5":{"start":{"line":19,"column":4},"end":{"line":19,"column":43}}},"fnMap":{"0":{"name":"(anonymous_0)","decl":{"start":{"line":10,"column":2},"end":{"line":10,"column":3}},"loc":{"start":{"line":10,"column":54},"end":{"line":12,"column":3}}},"1":{"name":"(anonymous_1)","decl":{"start":{"line":18,"column":2},"end":{"line":18,"column":3}},"loc":{"start":{"line":18,"column":54},"end":{"line":20,"column":3}}}},"branchMap":{},"s":{"0":3,"1":3,"2":3,"3":1,"4":3,"5":3},"f":{"0":1,"1":3},"b":{}}
,"C:\\Users\\Marcos\\Desktop\\node\\leifer\\src\\validators\\storage.validator.ts": {"path":"C:\\Users\\Marcos\\Desktop\\node\\leifer\\src\\validators\\storage.validator.ts","statementMap":{"0":{"start":{"line":2,"column":0},"end":{"line":2,"column":42}},"1":{"start":{"line":3,"column":0},"end":{"line":3,"column":59}},"2":{"start":{"line":5,"column":13},"end":{"line":10,"column":2}},"3":{"start":{"line":8,"column":4},"end":{"line":8,"column":43}},"4":{"start":{"line":12,"column":13},"end":{"line":12,"column":57}}},"fnMap":{"0":{"name":"(anonymous_0)","decl":{"start":{"line":7,"column":2},"end":{"line":7,"column":3}},"loc":{"start":{"line":7,"column":54},"end":{"line":9,"column":3}}}},"branchMap":{},"s":{"0":3,"1":3,"2":3,"3":1,"4":3},"f":{"0":1},"b":{}}
,"C:\\Users\\Marcos\\Desktop\\node\\leifer\\src\\validators\\tracks.validator.ts": {"path":"C:\\Users\\Marcos\\Desktop\\node\\leifer\\src\\validators\\tracks.validator.ts","statementMap":{"0":{"start":{"line":2,"column":0},"end":{"line":2,"column":42}},"1":{"start":{"line":3,"column":0},"end":{"line":3,"column":59}},"2":{"start":{"line":5,"column":13},"end":{"line":20,"column":2}},"3":{"start":{"line":18,"column":4},"end":{"line":18,"column":43}},"4":{"start":{"line":22,"column":13},"end":{"line":27,"column":null}},"5":{"start":{"line":25,"column":4},"end":{"line":25,"column":43}},"6":{"start":{"line":29,"column":13},"end":{"line":32,"column":null}},"7":{"start":{"line":34,"column":13},"end":{"line":36,"column":null}}},"fnMap":{"0":{"name":"(anonymous_0)","decl":{"start":{"line":17,"column":2},"end":{"line":17,"column":3}},"loc":{"start":{"line":17,"column":54},"end":{"line":19,"column":3}}},"1":{"name":"(anonymous_1)","decl":{"start":{"line":24,"column":2},"end":{"line":24,"column":3}},"loc":{"start":{"line":24,"column":54},"end":{"line":26,"column":3}}}},"branchMap":{},"s":{"0":3,"1":3,"2":3,"3":1,"4":3,"5":2,"6":3,"7":3},"f":{"0":1,"1":2},"b":{}}
}
