TN:
SF:src\app.ts
FN:24,(anonymous_1)
FNF:1
FNH:0
FNDA:0,(anonymous_1)
DA:1,3
DA:2,3
DA:3,3
DA:4,3
DA:5,3
DA:6,3
DA:7,3
DA:8,3
DA:10,3
DA:12,3
DA:13,3
DA:14,3
DA:15,3
DA:16,3
DA:18,3
DA:20,3
DA:21,3
DA:23,3
DA:24,0
DA:25,0
LF:20
LH:18
BRDA:18,0,0,0
BRDA:18,0,1,3
BRDA:23,1,0,0
BRF:3
BRH:1
end_of_record
TN:
SF:src\config\env.ts
FNF:0
FNH:0
DA:1,3
DA:3,3
DA:5,3
LF:3
LH:3
BRDA:8,0,0,3
BRDA:8,0,1,0
BRDA:16,1,0,3
BRDA:16,1,1,0
BRDA:23,2,0,3
BRDA:23,2,1,0
BRF:6
BRH:3
end_of_record
TN:
SF:src\config\db\mongo.ts
FN:4,(anonymous_8)
FN:4,(anonymous_9)
FNF:2
FNH:2
FNDA:3,(anonymous_8)
FNDA:3,(anonymous_9)
DA:1,3
DA:2,3
DA:4,3
DA:5,3
DA:6,3
DA:7,3
DA:8,3
DA:10,0
DA:11,0
LF:9
LH:7
BRDA:6,0,0,3
BRDA:6,0,1,0
BRF:2
BRH:1
end_of_record
TN:
SF:src\config\db\mysql.ts
FN:9,(anonymous_7)
FN:9,(anonymous_8)
FNF:2
FNH:0
FNDA:0,(anonymous_7)
FNDA:0,(anonymous_8)
DA:1,3
DA:2,3
DA:4,3
DA:9,3
DA:10,0
DA:11,0
DA:12,0
DA:14,0
LF:8
LH:4
BRF:0
BRH:0
end_of_record
TN:
SF:src\controllers\auth.controller.ts
FN:8,(anonymous_7)
FN:8,(anonymous_8)
FN:28,(anonymous_9)
FN:28,(anonymous_10)
FNF:4
FNH:4
FNDA:1,(anonymous_7)
FNDA:1,(anonymous_8)
FNDA:3,(anonymous_9)
FNDA:3,(anonymous_10)
DA:2,3
DA:3,3
DA:4,3
DA:5,3
DA:6,3
DA:8,3
DA:9,1
DA:10,1
DA:11,1
DA:12,1
DA:14,1
DA:15,1
DA:17,1
DA:22,1
DA:24,0
DA:28,3
DA:29,3
DA:30,3
DA:31,3
DA:32,3
DA:33,1
DA:34,1
DA:37,2
DA:39,2
DA:41,2
DA:42,1
DA:43,1
DA:46,1
DA:47,1
DA:52,1
DA:54,0
LF:31
LH:29
BRDA:32,0,0,1
BRDA:41,1,0,1
BRF:2
BRH:2
end_of_record
TN:
SF:src\controllers\storage.controller.ts
FN:8,(anonymous_8)
FN:8,(anonymous_9)
FN:19,(anonymous_10)
FN:19,(anonymous_11)
FN:31,(anonymous_12)
FN:31,(anonymous_13)
FN:46,(anonymous_14)
FN:46,(anonymous_15)
FNF:8
FNH:6
FNDA:1,(anonymous_8)
FNDA:1,(anonymous_9)
FNDA:1,(anonymous_10)
FNDA:1,(anonymous_11)
FNDA:1,(anonymous_12)
FNDA:1,(anonymous_13)
FNDA:0,(anonymous_14)
FNDA:0,(anonymous_15)
DA:2,3
DA:3,3
DA:4,3
DA:5,3
DA:6,3
DA:8,3
DA:9,1
DA:10,1
DA:12,1
DA:14,0
DA:15,0
DA:19,3
DA:20,1
DA:21,1
DA:22,1
DA:24,1
DA:25,1
DA:27,0
DA:31,3
DA:32,1
DA:33,1
DA:34,1
DA:38,1
DA:39,1
DA:40,1
DA:42,0
DA:46,3
DA:47,0
DA:48,0
DA:49,0
DA:50,0
DA:51,0
DA:52,0
DA:53,0
DA:55,0
DA:60,0
DA:62,0
LF:37
LH:23
BRDA:35,0,0,0
BRDA:35,0,1,1
BRDA:35,1,0,1
BRDA:35,1,1,1
BRDA:36,2,0,0
BRDA:36,2,1,1
BRDA:36,3,0,1
BRDA:36,3,1,1
BRDA:52,4,0,0
BRDA:52,4,1,0
BRDA:52,5,0,0
BRDA:52,5,1,0
BRF:12
BRH:6
end_of_record
TN:
SF:src\controllers\tracks.controller.ts
FN:6,(anonymous_8)
FN:6,(anonymous_9)
FN:17,(anonymous_10)
FN:17,(anonymous_11)
FN:29,(anonymous_12)
FN:29,(anonymous_13)
FN:40,(anonymous_14)
FN:40,(anonymous_15)
FN:51,(anonymous_16)
FN:51,(anonymous_17)
FNF:10
FNH:6
FNDA:1,(anonymous_8)
FNDA:1,(anonymous_9)
FNDA:1,(anonymous_10)
FNDA:1,(anonymous_11)
FNDA:0,(anonymous_12)
FNDA:0,(anonymous_13)
FNDA:0,(anonymous_14)
FNDA:0,(anonymous_15)
FNDA:1,(anonymous_16)
FNDA:1,(anonymous_17)
DA:2,3
DA:3,3
DA:4,3
DA:6,3
DA:7,1
DA:8,1
DA:10,1
DA:12,0
DA:13,0
DA:17,3
DA:18,1
DA:19,1
DA:20,1
DA:22,1
DA:23,1
DA:25,0
DA:29,3
DA:30,0
DA:31,0
DA:33,0
DA:34,0
DA:36,0
DA:40,3
DA:41,0
DA:42,0
DA:44,0
DA:45,0
DA:47,0
DA:51,3
DA:52,1
DA:53,1
DA:54,1
DA:56,1
DA:57,1
DA:59,0
LF:35
LH:21
BRF:0
BRH:0
end_of_record
TN:
SF:src\docs\swagger.ts
FNF:0
FNH:0
DA:1,3
DA:3,3
DA:110,3
DA:115,3
LF:4
LH:4
BRF:0
BRH:0
end_of_record
TN:
SF:src\middlewares\role.ts
FN:5,(anonymous_0)
FN:5,(anonymous_1)
FN:11,(anonymous_2)
FNF:3
FNH:3
FNDA:3,(anonymous_0)
FNDA:1,(anonymous_1)
FNDA:1,(anonymous_2)
DA:3,3
DA:5,3
DA:6,1
DA:7,1
DA:8,1
DA:9,1
DA:11,1
DA:12,1
DA:13,1
DA:14,1
DA:17,0
DA:19,0
LF:12
LH:10
BRDA:9,0,0,1
BRDA:9,0,1,0
BRDA:9,1,0,1
BRDA:9,1,1,1
BRDA:11,2,0,1
BRDA:11,2,1,0
BRDA:11,3,0,1
BRDA:11,3,1,1
BRDA:12,4,0,1
BRF:9
BRH:7
end_of_record
TN:
SF:src\middlewares\session.ts
FN:7,(anonymous_7)
FN:7,(anonymous_8)
FNF:2
FNH:2
FNDA:1,(anonymous_7)
FNDA:1,(anonymous_8)
DA:2,3
DA:4,3
DA:5,3
DA:7,3
DA:8,1
DA:9,1
DA:10,0
DA:11,0
DA:14,1
DA:15,1
DA:17,1
DA:18,0
DA:19,0
DA:24,1
DA:25,1
DA:26,0
DA:27,0
DA:29,1
DA:31,1
DA:33,0
LF:20
LH:13
BRDA:9,0,0,0
BRDA:14,1,0,0
BRDA:14,1,1,1
BRDA:14,2,0,1
BRDA:14,2,1,1
BRDA:17,3,0,0
BRDA:25,4,0,0
BRF:7
BRH:3
end_of_record
TN:
SF:src\models\index.ts
FNF:0
FNH:0
DA:1,3
DA:2,3
DA:3,3
LF:3
LH:3
BRF:0
BRH:0
end_of_record
TN:
SF:src\models\storage.model.ts
FNF:0
FNH:0
DA:1,3
DA:4,3
DA:19,3
LF:3
LH:3
BRF:0
BRH:0
end_of_record
TN:
SF:src\models\tracks.model.ts
FN:14,(anonymous_1)
FNF:1
FNH:0
FNDA:0,(anonymous_1)
DA:1,3
DA:3,3
DA:15,0
DA:49,3
LF:4
LH:3
BRF:0
BRH:0
end_of_record
TN:
SF:src\models\users.model.ts
FNF:0
FNH:0
DA:1,3
DA:3,3
DA:30,3
LF:3
LH:3
BRF:0
BRH:0
end_of_record
TN:
SF:src\routes\auth.route.ts
FNF:0
FNH:0
DA:1,3
DA:2,3
DA:3,3
DA:5,3
DA:27,3
DA:53,3
DA:55,3
LF:7
LH:7
BRF:0
BRH:0
end_of_record
TN:
SF:src\routes\index.ts
FNF:0
FNH:0
DA:1,3
DA:2,3
DA:3,3
DA:4,3
DA:6,3
DA:8,3
DA:14,3
DA:15,9
DA:18,3
LF:9
LH:9
BRF:0
BRH:0
end_of_record
TN:
SF:src\routes\storage.route.ts
FNF:0
FNH:0
DA:1,3
DA:2,3
DA:3,3
DA:4,3
DA:6,3
DA:57,3
DA:105,3
DA:107,3
LF:8
LH:8
BRF:0
BRH:0
end_of_record
TN:
SF:src\routes\tracks.route.ts
FNF:0
FNH:0
DA:1,3
DA:2,3
DA:3,3
DA:4,3
DA:5,3
DA:7,3
DA:54,3
DA:139,3
DA:141,3
LF:9
LH:9
BRF:0
BRH:0
end_of_record
TN:
SF:src\test\helper\helperData.ts
FNF:0
FNH:0
DA:1,3
DA:6,3
DA:13,3
DA:21,3
DA:26,3
LF:5
LH:5
BRF:0
BRH:0
end_of_record
TN:
SF:src\utils\handleHttpError.ts
FN:3,(anonymous_0)
FNF:1
FNH:1
FNDA:3,(anonymous_0)
DA:3,3
DA:4,3
LF:2
LH:2
BRDA:3,0,0,0
BRDA:3,1,0,0
BRF:2
BRH:0
end_of_record
TN:
SF:src\utils\handleJwt.ts
FN:5,(anonymous_1)
FN:18,(anonymous_2)
FNF:2
FNH:2
FNDA:4,(anonymous_1)
FNDA:1,(anonymous_2)
DA:1,3
DA:2,3
DA:5,3
DA:6,4
DA:15,4
DA:18,3
DA:19,1
DA:20,1
DA:21,1
DA:22,1
DA:24,0
LF:11
LH:10
BRDA:21,0,0,0
BRDA:21,1,0,1
BRDA:21,1,1,1
BRF:3
BRH:2
end_of_record
TN:
SF:src\utils\handlePassword.ts
FN:3,(anonymous_8)
FN:3,(anonymous_9)
FN:8,(anonymous_10)
FN:8,(anonymous_11)
FNF:4
FNH:4
FNDA:1,(anonymous_8)
FNDA:1,(anonymous_9)
FNDA:2,(anonymous_10)
FNDA:2,(anonymous_11)
DA:1,3
DA:3,3
DA:4,1
DA:5,1
DA:8,3
DA:9,2
LF:6
LH:6
BRF:0
BRH:0
end_of_record
TN:
SF:src\utils\handleStorage.ts
FN:4,(anonymous_1)
FN:8,(anonymous_2)
FNF:2
FNH:2
FNDA:1,(anonymous_1)
FNDA:1,(anonymous_2)
DA:1,3
DA:3,3
DA:5,1
DA:6,1
DA:9,1
DA:10,1
DA:11,1
DA:15,3
LF:8
LH:8
BRF:0
BRH:0
end_of_record
TN:
SF:src\utils\handleValidator.ts
FN:4,(anonymous_0)
FNF:1
FNH:1
FNDA:8,(anonymous_0)
DA:2,3
DA:4,3
DA:5,8
DA:6,8
DA:7,8
DA:9,0
DA:10,0
LF:7
LH:5
BRF:0
BRH:0
end_of_record
TN:
SF:src\validators\auth.validator.ts
FN:10,(anonymous_0)
FN:18,(anonymous_1)
FNF:2
FNH:2
FNDA:1,(anonymous_0)
FNDA:3,(anonymous_1)
DA:2,3
DA:3,3
DA:5,3
DA:11,1
DA:15,3
DA:19,3
LF:6
LH:6
BRF:0
BRH:0
end_of_record
TN:
SF:src\validators\storage.validator.ts
FN:7,(anonymous_0)
FNF:1
FNH:1
FNDA:1,(anonymous_0)
DA:2,3
DA:3,3
DA:5,3
DA:8,1
DA:12,3
LF:5
LH:5
BRF:0
BRH:0
end_of_record
TN:
SF:src\validators\tracks.validator.ts
FN:17,(anonymous_0)
FN:24,(anonymous_1)
FNF:2
FNH:2
FNDA:1,(anonymous_0)
FNDA:2,(anonymous_1)
DA:2,3
DA:3,3
DA:5,3
DA:18,1
DA:22,3
DA:25,2
DA:29,3
DA:34,3
LF:8
LH:8
BRF:0
BRH:0
end_of_record
